f:\程序库\mo\程序\transsimu_2\vs2013_mo_demo\debug\vs2013_mo_demo.pch
f:\程序库\mo\程序\transsimu_2\vs2013_mo_demo\debug\vc120.pdb
f:\程序库\mo\程序\transsimu_2\vs2013_mo_demo\debug\vc120.idb
f:\程序库\mo\程序\transsimu_2\vs2013_mo_demo\debug\stdafx.obj
f:\程序库\mo\程序\transsimu_2\vs2013_mo_demo\debug\moprimemeridian.obj
f:\程序库\mo\程序\transsimu_2\vs2013_mo_demo\debug\moprojcoordsys.obj
f:\程序库\mo\程序\transsimu_2\vs2013_mo_demo\debug\moprojection.obj
f:\程序库\mo\程序\transsimu_2\vs2013_mo_demo\debug\morecordset.obj
f:\程序库\mo\程序\transsimu_2\vs2013_mo_demo\debug\morectangle.obj
f:\程序库\mo\程序\transsimu_2\vs2013_mo_demo\debug\mospheroid.obj
f:\程序库\mo\程序\transsimu_2\vs2013_mo_demo\debug\mostandardizer.obj
f:\程序库\mo\程序\transsimu_2\vs2013_mo_demo\debug\mostatistics.obj
f:\程序库\mo\程序\transsimu_2\vs2013_mo_demo\debug\mostrings.obj
f:\程序库\mo\程序\transsimu_2\vs2013_mo_demo\debug\mosymbol.obj
f:\程序库\mo\程序\transsimu_2\vs2013_mo_demo\debug\motable.obj
f:\程序库\mo\程序\transsimu_2\vs2013_mo_demo\debug\motabledesc.obj
f:\程序库\mo\程序\transsimu_2\vs2013_mo_demo\debug\motextsymbol.obj
f:\程序库\mo\程序\transsimu_2\vs2013_mo_demo\debug\motrackinglayer.obj
f:\程序库\mo\程序\transsimu_2\vs2013_mo_demo\debug\mounit.obj
f:\程序库\mo\程序\transsimu_2\vs2013_mo_demo\debug\movaluemaprenderer.obj
f:\程序库\mo\程序\transsimu_2\vs2013_mo_demo\debug\mozrenderer.obj
f:\程序库\mo\程序\transsimu_2\vs2013_mo_demo\debug\vs2013_mo_demo.obj
f:\程序库\mo\程序\transsimu_2\vs2013_mo_demo\debug\vs2013_mo_demodoc.obj
f:\程序库\mo\程序\transsimu_2\vs2013_mo_demo\debug\vs2013_mo_demoview.obj
f:\程序库\mo\程序\transsimu_2\vs2013_mo_demo\debug\mofield.obj
f:\程序库\mo\程序\transsimu_2\vs2013_mo_demo\debug\mofields.obj
f:\程序库\mo\程序\transsimu_2\vs2013_mo_demo\debug\mogeocoder.obj
f:\程序库\mo\程序\transsimu_2\vs2013_mo_demo\debug\mogeocoordsys.obj
f:\程序库\mo\程序\transsimu_2\vs2013_mo_demo\debug\mogeodataset.obj
f:\程序库\mo\程序\transsimu_2\vs2013_mo_demo\debug\mogeodatasets.obj
f:\程序库\mo\程序\transsimu_2\vs2013_mo_demo\debug\mogeoevent.obj
f:\程序库\mo\程序\transsimu_2\vs2013_mo_demo\debug\mogeotransformation.obj
f:\程序库\mo\程序\transsimu_2\vs2013_mo_demo\debug\mogrouprenderer.obj
f:\程序库\mo\程序\transsimu_2\vs2013_mo_demo\debug\moimagelayer.obj
f:\程序库\mo\程序\transsimu_2\vs2013_mo_demo\debug\molabelplacer.obj
f:\程序库\mo\程序\transsimu_2\vs2013_mo_demo\debug\molabelrenderer.obj
f:\程序库\mo\程序\transsimu_2\vs2013_mo_demo\debug\molayers.obj
f:\程序库\mo\程序\transsimu_2\vs2013_mo_demo\debug\moline.obj
f:\程序库\mo\程序\transsimu_2\vs2013_mo_demo\debug\momaplayer.obj
f:\程序库\mo\程序\transsimu_2\vs2013_mo_demo\debug\moparts.obj
f:\程序库\mo\程序\transsimu_2\vs2013_mo_demo\debug\moplacelocator.obj
f:\程序库\mo\程序\transsimu_2\vs2013_mo_demo\debug\mopoint.obj
f:\程序库\mo\程序\transsimu_2\vs2013_mo_demo\debug\mopoints.obj
f:\程序库\mo\程序\transsimu_2\vs2013_mo_demo\debug\mopolygon.obj
f:\程序库\mo\程序\transsimu_2\vs2013_mo_demo\debug\mainfrm.obj
f:\程序库\mo\程序\transsimu_2\vs2013_mo_demo\debug\font.obj
f:\程序库\mo\程序\transsimu_2\vs2013_mo_demo\debug\map.obj
f:\程序库\mo\程序\transsimu_2\vs2013_mo_demo\debug\maphelper.obj
f:\程序库\mo\程序\transsimu_2\vs2013_mo_demo\debug\moaddresslocation.obj
f:\程序库\mo\程序\transsimu_2\vs2013_mo_demo\debug\mochartrenderer.obj
f:\程序库\mo\程序\transsimu_2\vs2013_mo_demo\debug\moclassbreaksrenderer.obj
f:\程序库\mo\程序\transsimu_2\vs2013_mo_demo\debug\modataconnection.obj
f:\程序库\mo\程序\transsimu_2\vs2013_mo_demo\debug\modatum.obj
f:\程序库\mo\程序\transsimu_2\vs2013_mo_demo\debug\modotdensityrenderer.obj
f:\程序库\mo\程序\transsimu_2\vs2013_mo_demo\debug\moellipse.obj
f:\程序库\mo\程序\transsimu_2\vs2013_mo_demo\debug\moeventrenderer.obj
f:\程序库\mo\程序\transsimu_2\vs2013_mo_demo\debug\vs2013_mo_demo.res
f:\程序库\mo\程序\transsimu_2\debug\vs2013_mo_demo.pdb
f:\程序库\mo\程序\transsimu_2\debug\vs2013_mo_demo.exe
f:\程序库\mo\程序\transsimu_2\debug\vs2013_mo_demo.ilk
f:\程序库\mo\程序\transsimu_2\vs2013_mo_demo\debug\vs2013_mo_demo.tlog\cl.command.1.tlog
f:\程序库\mo\程序\transsimu_2\vs2013_mo_demo\debug\vs2013_mo_demo.tlog\cl.read.1.tlog
f:\程序库\mo\程序\transsimu_2\vs2013_mo_demo\debug\vs2013_mo_demo.tlog\cl.write.1.tlog
f:\程序库\mo\程序\transsimu_2\vs2013_mo_demo\debug\vs2013_mo_demo.tlog\link.command.1.tlog
f:\程序库\mo\程序\transsimu_2\vs2013_mo_demo\debug\vs2013_mo_demo.tlog\link.read.1.tlog
f:\程序库\mo\程序\transsimu_2\vs2013_mo_demo\debug\vs2013_mo_demo.tlog\link.write.1.tlog
f:\程序库\mo\程序\transsimu_2\vs2013_mo_demo\debug\vs2013_mo_demo.tlog\rc.command.1.tlog
f:\程序库\mo\程序\transsimu_2\vs2013_mo_demo\debug\vs2013_mo_demo.tlog\rc.read.1.tlog
f:\程序库\mo\程序\transsimu_2\vs2013_mo_demo\debug\vs2013_mo_demo.tlog\rc.write.1.tlog
